android/app/build/intermediates/manifest_merge_blame_file/debug/manifest-merger-blame-debug-report.txt
1<?xml version="1.0" encoding="utf-8"?>
2<manifest xmlns:android="http://schemas.android.com/apk/res/android"
3    package="com.orddel"
4    android:versionCode="2"
5    android:versionName="1.0" >
6
7    <uses-sdk
8        android:minSdkVersion="21"
9        android:targetSdkVersion="29" />
10
11    <uses-permission android:name="android.permission.SYSTEM_ALERT_WINDOW" />
11-->src/debug/AndroidManifest.xml:5:5-77
11-->src/debug/AndroidManifest.xml:5:22-75
12    <uses-permission android:name="android.permission.INTERNET" />
12-->src/main/AndroidManifest.xml:4:5-67
12-->src/main/AndroidManifest.xml:4:22-64
13    <uses-permission android:name="android.permission.ACCESS_WIFI_STATE" />
13-->[com.facebook.flipper:flipper:0.54.0] AndroidManifest.xml:16:5-76
13-->[com.facebook.flipper:flipper:0.54.0] AndroidManifest.xml:16:22-73
14    <uses-permission android:name="android.permission.WAKE_LOCK" />
14-->[:react-native-firebase_messaging] AndroidManifest.xml:12:5-68
14-->[:react-native-firebase_messaging] AndroidManifest.xml:12:22-65
15    <uses-permission android:name="android.permission.ACCESS_NETWORK_STATE" />
15-->[:react-native-firebase_messaging] AndroidManifest.xml:13:5-79
15-->[:react-native-firebase_messaging] AndroidManifest.xml:13:22-76
16
17    <queries>
17-->[:react-native-image-crop-picker] AndroidManifest.xml:10:5-14:15
18        <intent>
18-->[:react-native-image-crop-picker] AndroidManifest.xml:11:9-13:18
19            <action android:name="android.media.action.IMAGE_CAPTURE" />
19-->[:react-native-image-crop-picker] AndroidManifest.xml:12:13-73
19-->[:react-native-image-crop-picker] AndroidManifest.xml:12:21-70
20        </intent>
21    </queries>
22
23    <uses-permission android:name="android.permission.WRITE_EXTERNAL_STORAGE" /> <!-- Required by older versions of Google Play services to create IID tokens -->
23-->[:react-native-image-crop-picker] AndroidManifest.xml:16:5-81
23-->[:react-native-image-crop-picker] AndroidManifest.xml:16:22-78
24    <uses-permission android:name="com.google.android.c2dm.permission.RECEIVE" />
24-->[com.google.firebase:firebase-messaging:22.0.0] AndroidManifest.xml:25:5-82
24-->[com.google.firebase:firebase-messaging:22.0.0] AndroidManifest.xml:25:22-79
25    <uses-permission android:name="com.google.android.finsky.permission.BIND_GET_INSTALL_REFERRER_SERVICE" /> <!-- for android -->
25-->[com.google.android.gms:play-services-measurement:18.0.2] AndroidManifest.xml:26:5-110
25-->[com.google.android.gms:play-services-measurement:18.0.2] AndroidManifest.xml:26:22-107
26    <!-- <uses-permission android:name="com.android.launcher.permission.READ_SETTINGS"/> -->
27    <!-- <uses-permission android:name="com.android.launcher.permission.WRITE_SETTINGS"/> -->
28    <!-- <uses-permission android:name="com.android.launcher.permission.INSTALL_SHORTCUT" /> -->
29    <!-- <uses-permission android:name="com.android.launcher.permission.UNINSTALL_SHORTCUT" /> -->
30    <!-- for Samsung -->
31    <uses-permission android:name="com.sec.android.provider.badge.permission.READ" />
31-->[me.leolin:ShortcutBadger:1.1.22] AndroidManifest.xml:19:5-86
31-->[me.leolin:ShortcutBadger:1.1.22] AndroidManifest.xml:19:22-83
32    <uses-permission android:name="com.sec.android.provider.badge.permission.WRITE" /> <!-- for htc -->
32-->[me.leolin:ShortcutBadger:1.1.22] AndroidManifest.xml:20:5-87
32-->[me.leolin:ShortcutBadger:1.1.22] AndroidManifest.xml:20:22-84
33    <uses-permission android:name="com.htc.launcher.permission.READ_SETTINGS" />
33-->[me.leolin:ShortcutBadger:1.1.22] AndroidManifest.xml:23:5-81
33-->[me.leolin:ShortcutBadger:1.1.22] AndroidManifest.xml:23:22-78
34    <uses-permission android:name="com.htc.launcher.permission.UPDATE_SHORTCUT" /> <!-- for sony -->
34-->[me.leolin:ShortcutBadger:1.1.22] AndroidManifest.xml:24:5-83
34-->[me.leolin:ShortcutBadger:1.1.22] AndroidManifest.xml:24:22-80
35    <uses-permission android:name="com.sonyericsson.home.permission.BROADCAST_BADGE" />
35-->[me.leolin:ShortcutBadger:1.1.22] AndroidManifest.xml:27:5-88
35-->[me.leolin:ShortcutBadger:1.1.22] AndroidManifest.xml:27:22-85
36    <uses-permission android:name="com.sonymobile.home.permission.PROVIDER_INSERT_BADGE" /> <!-- for apex -->
36-->[me.leolin:ShortcutBadger:1.1.22] AndroidManifest.xml:28:5-92
36-->[me.leolin:ShortcutBadger:1.1.22] AndroidManifest.xml:28:22-89
37    <uses-permission android:name="com.anddoes.launcher.permission.UPDATE_COUNT" /> <!-- for solid -->
37-->[me.leolin:ShortcutBadger:1.1.22] AndroidManifest.xml:31:5-84
37-->[me.leolin:ShortcutBadger:1.1.22] AndroidManifest.xml:31:22-81
38    <uses-permission android:name="com.majeur.launcher.permission.UPDATE_BADGE" /> <!-- for huawei -->
38-->[me.leolin:ShortcutBadger:1.1.22] AndroidManifest.xml:34:5-83
38-->[me.leolin:ShortcutBadger:1.1.22] AndroidManifest.xml:34:22-80
39    <uses-permission android:name="com.huawei.android.launcher.permission.CHANGE_BADGE" />
39-->[me.leolin:ShortcutBadger:1.1.22] AndroidManifest.xml:37:5-91
39-->[me.leolin:ShortcutBadger:1.1.22] AndroidManifest.xml:37:22-88
40    <uses-permission android:name="com.huawei.android.launcher.permission.READ_SETTINGS" />
40-->[me.leolin:ShortcutBadger:1.1.22] AndroidManifest.xml:38:5-92
40-->[me.leolin:ShortcutBadger:1.1.22] AndroidManifest.xml:38:22-89
41    <uses-permission android:name="com.huawei.android.launcher.permission.WRITE_SETTINGS" /> <!-- for ZUK -->
41-->[me.leolin:ShortcutBadger:1.1.22] AndroidManifest.xml:39:5-93
41-->[me.leolin:ShortcutBadger:1.1.22] AndroidManifest.xml:39:22-90
42    <uses-permission android:name="android.permission.READ_APP_BADGE" /> <!-- for OPPO -->
42-->[me.leolin:ShortcutBadger:1.1.22] AndroidManifest.xml:42:5-73
42-->[me.leolin:ShortcutBadger:1.1.22] AndroidManifest.xml:42:22-70
43    <uses-permission android:name="com.oppo.launcher.permission.READ_SETTINGS" />
43-->[me.leolin:ShortcutBadger:1.1.22] AndroidManifest.xml:45:5-82
43-->[me.leolin:ShortcutBadger:1.1.22] AndroidManifest.xml:45:22-79
44    <uses-permission android:name="com.oppo.launcher.permission.WRITE_SETTINGS" /> <!-- for EvMe -->
44-->[me.leolin:ShortcutBadger:1.1.22] AndroidManifest.xml:46:5-83
44-->[me.leolin:ShortcutBadger:1.1.22] AndroidManifest.xml:46:22-80
45    <uses-permission android:name="me.everything.badger.permission.BADGE_COUNT_READ" />
45-->[me.leolin:ShortcutBadger:1.1.22] AndroidManifest.xml:49:5-88
45-->[me.leolin:ShortcutBadger:1.1.22] AndroidManifest.xml:49:22-85
46    <uses-permission android:name="me.everything.badger.permission.BADGE_COUNT_WRITE" />
46-->[me.leolin:ShortcutBadger:1.1.22] AndroidManifest.xml:50:5-89
46-->[me.leolin:ShortcutBadger:1.1.22] AndroidManifest.xml:50:22-86
47
48    <application
48-->src/main/AndroidManifest.xml:7:5-27:19
49        android:name="com.orddel.MainApplication"
49-->src/main/AndroidManifest.xml:8:7-38
50        android:allowBackup="false"
50-->src/main/AndroidManifest.xml:12:7-34
51        android:appComponentFactory="androidx.core.app.CoreComponentFactory"
51-->[androidx.core:core:1.3.1] AndroidManifest.xml:24:18-86
52        android:debuggable="true"
53        android:icon="@mipmap/ic_launcher"
53-->src/main/AndroidManifest.xml:10:7-41
54        android:label="@string/app_name"
54-->src/main/AndroidManifest.xml:9:7-39
55        android:roundIcon="@mipmap/ic_launcher_round"
55-->src/main/AndroidManifest.xml:11:7-52
56        android:theme="@style/AppTheme"
56-->src/main/AndroidManifest.xml:13:7-38
57        android:usesCleartextTraffic="true" >
57-->src/debug/AndroidManifest.xml:7:18-53
58        <activity
58-->src/main/AndroidManifest.xml:14:7-25:18
59            android:name="com.orddel.MainActivity"
59-->src/main/AndroidManifest.xml:15:9-37
60            android:configChanges="keyboard|keyboardHidden|orientation|screenSize|uiMode"
60-->src/main/AndroidManifest.xml:18:9-86
61            android:label="@string/app_name"
61-->src/main/AndroidManifest.xml:16:9-41
62            android:launchMode="singleTask"
62-->src/main/AndroidManifest.xml:19:9-40
63            android:screenOrientation="portrait"
63-->src/main/AndroidManifest.xml:17:9-45
64            android:windowSoftInputMode="adjustResize" >
64-->src/main/AndroidManifest.xml:20:9-51
65            <intent-filter>
65-->src/main/AndroidManifest.xml:21:9-24:25
66                <action android:name="android.intent.action.MAIN" />
66-->src/main/AndroidManifest.xml:22:13-65
66-->src/main/AndroidManifest.xml:22:21-62
67
68                <category android:name="android.intent.category.LAUNCHER" />
68-->src/main/AndroidManifest.xml:23:13-73
68-->src/main/AndroidManifest.xml:23:23-70
69            </intent-filter>
70        </activity>
71        <activity android:name="com.facebook.react.devsupport.DevSettingsActivity" />
71-->src/main/AndroidManifest.xml:26:7-84
71-->src/main/AndroidManifest.xml:26:17-81
72
73        <service android:name="io.invertase.firebase.messaging.ReactNativeFirebaseMessagingHeadlessService" />
73-->[:react-native-firebase_messaging] AndroidManifest.xml:16:9-111
73-->[:react-native-firebase_messaging] AndroidManifest.xml:16:18-108
74        <service
74-->[:react-native-firebase_messaging] AndroidManifest.xml:17:9-23:19
75            android:name="io.invertase.firebase.messaging.ReactNativeFirebaseMessagingService"
75-->[:react-native-firebase_messaging] AndroidManifest.xml:18:13-95
76            android:exported="false" >
76-->[:react-native-firebase_messaging] AndroidManifest.xml:19:13-37
77            <intent-filter>
77-->[:react-native-firebase_messaging] AndroidManifest.xml:20:13-22:29
78                <action android:name="com.google.firebase.MESSAGING_EVENT" />
78-->[:react-native-firebase_messaging] AndroidManifest.xml:21:17-78
78-->[:react-native-firebase_messaging] AndroidManifest.xml:21:25-75
79            </intent-filter>
80        </service>
81
82        <receiver
82-->[:react-native-firebase_messaging] AndroidManifest.xml:25:9-32:20
83            android:name="io.invertase.firebase.messaging.ReactNativeFirebaseMessagingReceiver"
83-->[:react-native-firebase_messaging] AndroidManifest.xml:26:13-96
84            android:exported="true"
84-->[:react-native-firebase_messaging] AndroidManifest.xml:27:13-36
85            android:permission="com.google.android.c2dm.permission.SEND" >
85-->[:react-native-firebase_messaging] AndroidManifest.xml:28:13-73
86            <intent-filter>
86-->[:react-native-firebase_messaging] AndroidManifest.xml:29:13-31:29
87                <action android:name="com.google.android.c2dm.intent.RECEIVE" />
87-->[:react-native-firebase_messaging] AndroidManifest.xml:30:17-81
87-->[:react-native-firebase_messaging] AndroidManifest.xml:30:25-78
88            </intent-filter>
89        </receiver>
90
91        <meta-data
91-->[:react-native-firebase_messaging] AndroidManifest.xml:34:9-36:36
92            android:name="firebase_messaging_auto_init_enabled"
92-->[:react-native-firebase_messaging] AndroidManifest.xml:35:13-64
93            android:value="true" />
93-->[:react-native-firebase_messaging] AndroidManifest.xml:36:13-33
94        <meta-data
94-->[:react-native-firebase_messaging] AndroidManifest.xml:37:9-39:32
95            android:name="com.google.firebase.messaging.default_notification_channel_id"
95-->[:react-native-firebase_messaging] AndroidManifest.xml:38:13-89
96            android:value="" />
96-->[:react-native-firebase_messaging] AndroidManifest.xml:39:13-29
97        <meta-data
97-->[:react-native-firebase_messaging] AndroidManifest.xml:40:9-42:47
98            android:name="com.google.firebase.messaging.default_notification_color"
98-->[:react-native-firebase_messaging] AndroidManifest.xml:41:13-84
99            android:resource="@color/white" />
99-->[:react-native-firebase_messaging] AndroidManifest.xml:42:13-44
100
101        <provider
101-->[:react-native-image-crop-picker] AndroidManifest.xml:19:9-27:20
102            android:name="androidx.core.content.FileProvider"
102-->[:react-native-image-crop-picker] AndroidManifest.xml:20:13-62
103            android:authorities="com.orddel.provider"
103-->[:react-native-image-crop-picker] AndroidManifest.xml:21:13-60
104            android:exported="false"
104-->[:react-native-image-crop-picker] AndroidManifest.xml:22:13-37
105            android:grantUriPermissions="true" >
105-->[:react-native-image-crop-picker] AndroidManifest.xml:23:13-47
106            <meta-data
106-->[:react-native-image-crop-picker] AndroidManifest.xml:24:13-26:58
107                android:name="android.support.FILE_PROVIDER_PATHS"
107-->[:react-native-image-crop-picker] AndroidManifest.xml:25:17-67
108                android:resource="@xml/provider_paths" />
108-->[:react-native-image-crop-picker] AndroidManifest.xml:26:17-55
109        </provider>
110
111        <activity
111-->[:react-native-image-crop-picker] AndroidManifest.xml:29:9-31:72
112            android:name="com.yalantis.ucrop.UCropActivity"
112-->[:react-native-image-crop-picker] AndroidManifest.xml:30:13-60
113            android:theme="@style/Theme.AppCompat.Light.NoActionBar" />
113-->[:react-native-image-crop-picker] AndroidManifest.xml:31:13-69
114
115        <provider
115-->[:react-native-image-picker] AndroidManifest.xml:12:9-20:20
116            android:name="com.imagepicker.ImagePickerProvider"
116-->[:react-native-image-picker] AndroidManifest.xml:13:13-63
117            android:authorities="com.orddel.imagepickerprovider"
117-->[:react-native-image-picker] AndroidManifest.xml:14:13-71
118            android:exported="false"
118-->[:react-native-image-picker] AndroidManifest.xml:15:13-37
119            android:grantUriPermissions="true" >
119-->[:react-native-image-picker] AndroidManifest.xml:16:13-47
120            <meta-data
120-->[:react-native-image-crop-picker] AndroidManifest.xml:24:13-26:58
121                android:name="android.support.FILE_PROVIDER_PATHS"
121-->[:react-native-image-crop-picker] AndroidManifest.xml:25:17-67
122                android:resource="@xml/imagepicker_provider_paths" />
122-->[:react-native-image-crop-picker] AndroidManifest.xml:26:17-55
123        </provider>
124
125        <receiver
125-->[com.google.firebase:firebase-messaging:22.0.0] AndroidManifest.xml:28:9-35:20
126            android:name="com.google.firebase.iid.FirebaseInstanceIdReceiver"
126-->[com.google.firebase:firebase-messaging:22.0.0] AndroidManifest.xml:29:13-78
127            android:exported="true"
127-->[com.google.firebase:firebase-messaging:22.0.0] AndroidManifest.xml:30:13-36
128            android:permission="com.google.android.c2dm.permission.SEND" >
128-->[com.google.firebase:firebase-messaging:22.0.0] AndroidManifest.xml:31:13-73
129            <intent-filter>
129-->[:react-native-firebase_messaging] AndroidManifest.xml:29:13-31:29
130                <action android:name="com.google.android.c2dm.intent.RECEIVE" />
130-->[:react-native-firebase_messaging] AndroidManifest.xml:30:17-81
130-->[:react-native-firebase_messaging] AndroidManifest.xml:30:25-78
131            </intent-filter>
132        </receiver>
133        <!--
134             FirebaseMessagingService performs security checks at runtime,
135             but set to not exported to explicitly avoid allowing another app to call it.
136        -->
137        <service
137-->[com.google.firebase:firebase-messaging:22.0.0] AndroidManifest.xml:41:9-48:19
138            android:name="com.google.firebase.messaging.FirebaseMessagingService"
138-->[com.google.firebase:firebase-messaging:22.0.0] AndroidManifest.xml:42:13-82
139            android:directBootAware="true"
139-->[com.google.firebase:firebase-messaging:22.0.0] AndroidManifest.xml:43:13-43
140            android:exported="false" >
140-->[com.google.firebase:firebase-messaging:22.0.0] AndroidManifest.xml:44:13-37
141            <intent-filter android:priority="-500" >
141-->[:react-native-firebase_messaging] AndroidManifest.xml:20:13-22:29
142                <action android:name="com.google.firebase.MESSAGING_EVENT" />
142-->[:react-native-firebase_messaging] AndroidManifest.xml:21:17-78
142-->[:react-native-firebase_messaging] AndroidManifest.xml:21:25-75
143            </intent-filter>
144        </service>
145        <service
145-->[com.google.firebase:firebase-messaging:22.0.0] AndroidManifest.xml:49:9-55:19
146            android:name="com.google.firebase.components.ComponentDiscoveryService"
146-->[com.google.firebase:firebase-messaging:22.0.0] AndroidManifest.xml:50:13-84
147            android:directBootAware="true"
147-->[com.google.firebase:firebase-common:20.0.0] AndroidManifest.xml:35:13-43
148            android:exported="false" >
148-->[com.google.firebase:firebase-messaging:22.0.0] AndroidManifest.xml:51:13-37
149            <meta-data
149-->[com.google.firebase:firebase-messaging:22.0.0] AndroidManifest.xml:52:13-54:85
150                android:name="com.google.firebase.components:com.google.firebase.messaging.FirebaseMessagingRegistrar"
150-->[com.google.firebase:firebase-messaging:22.0.0] AndroidManifest.xml:53:17-119
151                android:value="com.google.firebase.components.ComponentRegistrar" />
151-->[com.google.firebase:firebase-messaging:22.0.0] AndroidManifest.xml:54:17-82
152            <meta-data
152-->[com.google.firebase:firebase-datatransport:18.0.0] AndroidManifest.xml:28:13-30:85
153                android:name="com.google.firebase.components:com.google.firebase.datatransport.TransportRegistrar"
153-->[com.google.firebase:firebase-datatransport:18.0.0] AndroidManifest.xml:29:17-115
154                android:value="com.google.firebase.components.ComponentRegistrar" />
154-->[com.google.firebase:firebase-datatransport:18.0.0] AndroidManifest.xml:30:17-82
155            <meta-data
155-->[com.google.android.gms:play-services-measurement-api:18.0.2] AndroidManifest.xml:30:13-32:85
156                android:name="com.google.firebase.components:com.google.firebase.analytics.connector.internal.AnalyticsConnectorRegistrar"
156-->[com.google.android.gms:play-services-measurement-api:18.0.2] AndroidManifest.xml:31:17-139
157                android:value="com.google.firebase.components.ComponentRegistrar" />
157-->[com.google.android.gms:play-services-measurement-api:18.0.2] AndroidManifest.xml:32:17-82
158            <meta-data
158-->[com.google.firebase:firebase-installations:17.0.0] AndroidManifest.xml:18:13-20:85
159                android:name="com.google.firebase.components:com.google.firebase.installations.FirebaseInstallationsRegistrar"
159-->[com.google.firebase:firebase-installations:17.0.0] AndroidManifest.xml:19:17-127
160                android:value="com.google.firebase.components.ComponentRegistrar" />
160-->[com.google.firebase:firebase-installations:17.0.0] AndroidManifest.xml:20:17-82
161        </service>
162        <service
162-->[com.google.android.datatransport:transport-backend-cct:3.0.0] AndroidManifest.xml:29:9-35:19
163            android:name="com.google.android.datatransport.runtime.backends.TransportBackendDiscovery"
163-->[com.google.android.datatransport:transport-backend-cct:3.0.0] AndroidManifest.xml:30:13-103
164            android:exported="false" >
164-->[com.google.android.datatransport:transport-backend-cct:3.0.0] AndroidManifest.xml:31:13-37
165            <meta-data
165-->[com.google.android.datatransport:transport-backend-cct:3.0.0] AndroidManifest.xml:32:13-34:39
166                android:name="backend:com.google.android.datatransport.cct.CctBackendFactory"
166-->[com.google.android.datatransport:transport-backend-cct:3.0.0] AndroidManifest.xml:33:17-94
167                android:value="cct" />
167-->[com.google.android.datatransport:transport-backend-cct:3.0.0] AndroidManifest.xml:34:17-36
168        </service>
169
170        <provider
170-->[com.google.firebase:firebase-common:20.0.0] AndroidManifest.xml:26:9-31:39
171            android:name="com.google.firebase.provider.FirebaseInitProvider"
171-->[com.google.firebase:firebase-common:20.0.0] AndroidManifest.xml:27:13-77
172            android:authorities="com.orddel.firebaseinitprovider"
172-->[com.google.firebase:firebase-common:20.0.0] AndroidManifest.xml:28:13-72
173            android:directBootAware="true"
173-->[com.google.firebase:firebase-common:20.0.0] AndroidManifest.xml:29:13-43
174            android:exported="false"
174-->[com.google.firebase:firebase-common:20.0.0] AndroidManifest.xml:30:13-37
175            android:initOrder="100" />
175-->[com.google.firebase:firebase-common:20.0.0] AndroidManifest.xml:31:13-36
176
177        <service
177-->[com.google.android.datatransport:transport-runtime:3.0.0] AndroidManifest.xml:26:9-30:19
178            android:name="com.google.android.datatransport.runtime.scheduling.jobscheduling.JobInfoSchedulerService"
178-->[com.google.android.datatransport:transport-runtime:3.0.0] AndroidManifest.xml:27:13-117
179            android:exported="false"
179-->[com.google.android.datatransport:transport-runtime:3.0.0] AndroidManifest.xml:28:13-37
180            android:permission="android.permission.BIND_JOB_SERVICE" >
180-->[com.google.android.datatransport:transport-runtime:3.0.0] AndroidManifest.xml:29:13-69
181        </service>
182
183        <receiver
183-->[com.google.android.datatransport:transport-runtime:3.0.0] AndroidManifest.xml:32:9-34:40
184            android:name="com.google.android.datatransport.runtime.scheduling.jobscheduling.AlarmManagerSchedulerBroadcastReceiver"
184-->[com.google.android.datatransport:transport-runtime:3.0.0] AndroidManifest.xml:33:13-132
185            android:exported="false" />
185-->[com.google.android.datatransport:transport-runtime:3.0.0] AndroidManifest.xml:34:13-37
186
187        <activity
187-->[com.google.android.gms:play-services-auth:19.0.0] AndroidManifest.xml:23:9-27:75
188            android:name="com.google.android.gms.auth.api.signin.internal.SignInHubActivity"
188-->[com.google.android.gms:play-services-auth:19.0.0] AndroidManifest.xml:24:13-93
189            android:excludeFromRecents="true"
189-->[com.google.android.gms:play-services-auth:19.0.0] AndroidManifest.xml:25:13-46
190            android:exported="false"
190-->[com.google.android.gms:play-services-auth:19.0.0] AndroidManifest.xml:26:13-37
191            android:theme="@android:style/Theme.Translucent.NoTitleBar" />
191-->[com.google.android.gms:play-services-auth:19.0.0] AndroidManifest.xml:27:13-72
192        <!--
193            Service handling Google Sign-In user revocation. For apps that do not integrate with
194            Google Sign-In, this service will never be started.
195        -->
196        <service
196-->[com.google.android.gms:play-services-auth:19.0.0] AndroidManifest.xml:33:9-37:51
197            android:name="com.google.android.gms.auth.api.signin.RevocationBoundService"
197-->[com.google.android.gms:play-services-auth:19.0.0] AndroidManifest.xml:34:13-89
198            android:exported="true"
198-->[com.google.android.gms:play-services-auth:19.0.0] AndroidManifest.xml:35:13-36
199            android:permission="com.google.android.gms.auth.api.signin.permission.REVOCATION_NOTIFICATION"
199-->[com.google.android.gms:play-services-auth:19.0.0] AndroidManifest.xml:36:13-107
200            android:visibleToInstantApps="true" />
200-->[com.google.android.gms:play-services-auth:19.0.0] AndroidManifest.xml:37:13-48
201
202        <activity
202-->[com.google.android.gms:play-services-base:17.1.0] AndroidManifest.xml:23:9-26:75
203            android:name="com.google.android.gms.common.api.GoogleApiActivity"
203-->[com.google.android.gms:play-services-base:17.1.0] AndroidManifest.xml:24:13-79
204            android:exported="false"
204-->[com.google.android.gms:play-services-base:17.1.0] AndroidManifest.xml:25:13-37
205            android:theme="@android:style/Theme.Translucent.NoTitleBar" />
205-->[com.google.android.gms:play-services-base:17.1.0] AndroidManifest.xml:26:13-72
206
207        <receiver
207-->[com.google.android.gms:play-services-measurement:18.0.2] AndroidManifest.xml:29:9-33:20
208            android:name="com.google.android.gms.measurement.AppMeasurementReceiver"
208-->[com.google.android.gms:play-services-measurement:18.0.2] AndroidManifest.xml:30:13-85
209            android:enabled="true"
209-->[com.google.android.gms:play-services-measurement:18.0.2] AndroidManifest.xml:31:13-35
210            android:exported="false" >
210-->[com.google.android.gms:play-services-measurement:18.0.2] AndroidManifest.xml:32:13-37
211        </receiver>
212
213        <service
213-->[com.google.android.gms:play-services-measurement:18.0.2] AndroidManifest.xml:35:9-38:40
214            android:name="com.google.android.gms.measurement.AppMeasurementService"
214-->[com.google.android.gms:play-services-measurement:18.0.2] AndroidManifest.xml:36:13-84
215            android:enabled="true"
215-->[com.google.android.gms:play-services-measurement:18.0.2] AndroidManifest.xml:37:13-35
216            android:exported="false" />
216-->[com.google.android.gms:play-services-measurement:18.0.2] AndroidManifest.xml:38:13-37
217        <service
217-->[com.google.android.gms:play-services-measurement:18.0.2] AndroidManifest.xml:39:9-43:72
218            android:name="com.google.android.gms.measurement.AppMeasurementJobService"
218-->[com.google.android.gms:play-services-measurement:18.0.2] AndroidManifest.xml:40:13-87
219            android:enabled="true"
219-->[com.google.android.gms:play-services-measurement:18.0.2] AndroidManifest.xml:41:13-35
220            android:exported="false"
220-->[com.google.android.gms:play-services-measurement:18.0.2] AndroidManifest.xml:42:13-37
221            android:permission="android.permission.BIND_JOB_SERVICE" />
221-->[com.google.android.gms:play-services-measurement:18.0.2] AndroidManifest.xml:43:13-69
222
223        <meta-data
223-->[com.google.android.gms:play-services-basement:17.1.1] AndroidManifest.xml:23:9-25:69
224            android:name="com.google.android.gms.version"
224-->[com.google.android.gms:play-services-basement:17.1.1] AndroidManifest.xml:24:13-58
225            android:value="@integer/google_play_services_version" />
225-->[com.google.android.gms:play-services-basement:17.1.1] AndroidManifest.xml:25:13-66
226    </application>
227
228</manifest>